2024-05-12 21:23:48:  Population size: 100
2024-05-12 21:23:48:  Number of generations: 300
2024-05-12 21:23:48:  Ticker symbol: TQQQ
2024-05-12 21:23:48:  Close Prices Training Start Date: 2011-01-03 00:00:00
2024-05-12 21:23:48:  Open Prices Training Start Date: 2011-01-04 00:00:00
2024-05-12 21:23:48:  Close Prices Training End Date: 2021-12-30 00:00:00
2024-05-12 21:23:48:  Open Prices Training End Date: 2021-12-31 00:00:00
2024-05-12 21:23:48:  Close Prices Validation Start Date: 2022-01-03 00:00:00
2024-05-12 21:23:48:  Open Prices Validation Start Date: 2022-01-04 00:00:00
2024-05-12 21:23:48:  Close Prices Validation End Date: 2023-12-28 00:00:00
2024-05-12 21:23:48:  Open Prices Validation End Date: 2023-12-29 00:00:00
2024-05-12 21:23:48:  Save Data: False
2024-05-12 21:23:48:  Force CPU: False
2024-05-12 21:23:48:  Creating process: train_and_validate_process
2024-05-12 21:23:48:  train_and_validate_process.start()
2024-05-12 21:23:48:  plotter.update_while_training()

Continuing without tkinter backend...

close_prices_training_start_index 0
close_prices_training_end_index 2767
open_prices_training_start_index 1
open_prices_training_end_index 2768
close_prices_validation_start_index 2769
close_prices_validation_end_index 3268
open_prices_validation_start_index 2770
open_prices_validation_end_index 3269
2024-05-12 21:23:48:  CUDA available? False
/home/ubuntu/.local/lib/python3.10/site-packages/torch/cuda/__init__.py:628: UserWarning: Can't initialize NVML
  warnings.warn("Can't initialize NVML")
2024-05-12 21:23:48:  No GPUs available. Using CPU.
2024-05-12 21:23:48:  creating trading environment
2024-05-12 21:23:48:  Create the trading problem
2024-05-12 21:23:48:  Create the algorithm
2024-05-12 21:23:48:  performance_logger = PerformanceLogger(queue)
2024-05-12 21:23:48:  Run the optimization
==========================================================
n_gen  |  n_eval  | n_nds  |      eps      |   indicator  
==========================================================
     1 |      100 |     50 |             - |             -
     2 |      200 |     97 |  0.0886925648 |         ideal
     3 |      300 |     25 |  0.1325884175 |         nadir
Traceback (most recent call last):
  File "/home/ubuntu/repos/RL-Trading/main.py", line 317, in <module>
    plotter.update_while_training()
  File "/home/ubuntu/repos/RL-Trading/plotter.py", line 173, in update_while_training
    time.sleep(0.1)
KeyboardInterrupt
Process Process-1:
Traceback (most recent call last):
  File "/usr/lib/python3.10/multiprocessing/process.py", line 314, in _bootstrap
    self.run()
  File "/usr/lib/python3.10/multiprocessing/process.py", line 108, in run
    self._target(*self._args, **self._kwargs)
  File "/home/ubuntu/repos/RL-Trading/main.py", line 146, in train_and_validate
    res = minimize(
  File "/home/ubuntu/.local/lib/python3.10/site-packages/pymoo/optimize.py", line 67, in minimize
    res = algorithm.run()
  File "/home/ubuntu/.local/lib/python3.10/site-packages/pymoo/core/algorithm.py", line 138, in run
    self.next()
  File "/home/ubuntu/.local/lib/python3.10/site-packages/pymoo/core/algorithm.py", line 158, in next
    self.evaluator.eval(self.problem, infills, algorithm=self)
  File "/home/ubuntu/.local/lib/python3.10/site-packages/pymoo/core/evaluator.py", line 69, in eval
    self._eval(problem, pop[I], evaluate_values_of, **kwargs)
  File "/home/ubuntu/.local/lib/python3.10/site-packages/pymoo/core/evaluator.py", line 90, in _eval
    out = problem.evaluate(X, return_values_of=evaluate_values_of, return_as_dictionary=True, **kwargs)
  File "/home/ubuntu/.local/lib/python3.10/site-packages/pymoo/core/problem.py", line 257, in evaluate
    _out = self.do(X, return_values_of, *args, **kwargs)
  File "/home/ubuntu/.local/lib/python3.10/site-packages/pymoo/core/problem.py", line 297, in do
    self._evaluate_elementwise(X, out, *args, **kwargs)
  File "/home/ubuntu/.local/lib/python3.10/site-packages/pymoo/core/problem.py", line 315, in _evaluate_elementwise
    elems = self.elementwise_runner(f, X)
  File "/home/ubuntu/.local/lib/python3.10/site-packages/pymoo/core/problem.py", line 32, in __call__
    return [f(x) for x in X]
  File "/home/ubuntu/.local/lib/python3.10/site-packages/pymoo/core/problem.py", line 32, in <listcomp>
    return [f(x) for x in X]
  File "/home/ubuntu/.local/lib/python3.10/site-packages/pymoo/core/problem.py", line 25, in __call__
    self.problem._evaluate(x, out, *self.args, **self.kwargs)
  File "/home/ubuntu/repos/RL-Trading/trading_problem.py", line 47, in _evaluate
    profit, drawdown, num_trades = self.environment.simulate_trading()
  File "/home/ubuntu/repos/RL-Trading/trading_environment.py", line 73, in simulate_trading
    decision = self.model(feature_vector).argmax().item()  # 0=buy, 1=hold, 2=sell
KeyboardInterrupt
2024-05-12 21:24:55:  Population size: 100
2024-05-12 21:24:55:  Number of generations: 300
2024-05-12 21:24:55:  Ticker symbol: TQQQ
2024-05-12 21:24:55:  Close Prices Training Start Date: 2011-01-03 00:00:00
2024-05-12 21:24:55:  Open Prices Training Start Date: 2011-01-04 00:00:00
2024-05-12 21:24:55:  Close Prices Training End Date: 2021-12-30 00:00:00
2024-05-12 21:24:55:  Open Prices Training End Date: 2021-12-31 00:00:00
2024-05-12 21:24:55:  Close Prices Validation Start Date: 2022-01-03 00:00:00
2024-05-12 21:24:55:  Open Prices Validation Start Date: 2022-01-04 00:00:00
2024-05-12 21:24:55:  Close Prices Validation End Date: 2023-12-28 00:00:00
2024-05-12 21:24:55:  Open Prices Validation End Date: 2023-12-29 00:00:00
2024-05-12 21:24:55:  Save Data: False
2024-05-12 21:24:55:  Force CPU: False
2024-05-12 21:24:55:  Creating process: train_and_validate_process
2024-05-12 21:24:55:  train_and_validate_process.start()
2024-05-12 21:24:55:  plotter.update_while_training()

Continuing without tkinter backend...

close_prices_training_start_index 0
close_prices_training_end_index 2767
open_prices_training_start_index 1
open_prices_training_end_index 2768
close_prices_validation_start_index 2769
close_prices_validation_end_index 3268
open_prices_validation_start_index 2770
open_prices_validation_end_index 3269
2024-05-12 21:24:56:  CUDA available? False
/home/ubuntu/.local/lib/python3.10/site-packages/torch/cuda/__init__.py:628: UserWarning: Can't initialize NVML
  warnings.warn("Can't initialize NVML")
2024-05-12 21:24:56:  No GPUs available. Using CPU.
2024-05-12 21:24:56:  creating trading environment
2024-05-12 21:24:56:  Create the trading problem
2024-05-12 21:24:56:  Create the algorithm
2024-05-12 21:24:56:  performance_logger = PerformanceLogger(queue)
2024-05-12 21:24:56:  Run the optimization
==========================================================
n_gen  |  n_eval  | n_nds  |      eps      |   indicator  
==========================================================
     1 |      100 |     58 |             - |             -
     2 |      200 |     22 |  0.3413793103 |         ideal
     3 |      300 |     25 |  0.0527046421 |         nadir
     4 |      400 |     26 |  0.0779014308 |         ideal
     5 |      500 |     29 |  0.1202797203 |         ideal
     6 |      600 |     30 |  0.0409545920 |         nadir
     7 |      700 |     33 |  0.0063684651 |             f
     8 |      800 |     37 |  0.0220255280 |             f
     9 |      900 |     39 |  0.0085186907 |             f
    10 |     1000 |     36 |  0.0080043763 |             f
    11 |     1100 |     38 |  0.0041137117 |             f
    12 |     1200 |     38 |  0.0028050491 |         nadir
    13 |     1300 |     40 |  0.0028129395 |         nadir
    14 |     1400 |     43 |  0.0129849228 |             f
    15 |     1500 |     49 |  0.0055697297 |             f
    16 |     1600 |     48 |  0.0067388452 |             f
    17 |     1700 |     50 |  0.0006261146 |             f
    18 |     1800 |     52 |  0.0092732245 |             f
    19 |     1900 |     51 |  0.0114212650 |             f
    20 |     2000 |     52 |  0.0018430585 |             f
    21 |     2100 |     55 |  0.0083769685 |             f
    22 |     2200 |     58 |  0.0018411278 |             f
    23 |     2300 |     61 |  0.0033548092 |             f
    24 |     2400 |     63 |  0.0018939204 |             f
    25 |     2500 |     65 |  0.0193103448 |         ideal
    26 |     2600 |     66 |  0.0006889185 |             f
    27 |     2700 |     68 |  0.0030671497 |             f
    28 |     2800 |     65 |  0.0037104859 |             f
    29 |     2900 |     67 |  0.0040858294 |             f
    30 |     3000 |     73 |  0.0032579834 |             f
    31 |     3100 |     72 |  0.0057173301 |             f
    32 |     3200 |     70 |  0.0053058691 |             f
    33 |     3300 |     72 |  0.0002689216 |             f
    34 |     3400 |     72 |  0.0002689216 |             f
    35 |     3500 |     64 |  0.0018837184 |             f
    36 |     3600 |     65 |  0.0069444444 |         nadir
    37 |     3700 |     61 |  0.0063048086 |             f
    38 |     3800 |     62 |  0.0036054242 |             f
    39 |     3900 |     61 |  0.0021942200 |             f
    40 |     4000 |     62 |  0.0035728004 |             f
    41 |     4100 |     62 |  0.0005230251 |             f
    42 |     4200 |     64 |  0.0017343374 |             f
    43 |     4300 |     64 |  0.0017343374 |             f
    44 |     4400 |     65 |  0.0023945818 |             f
    45 |     4500 |     66 |  0.0028995900 |             f
    46 |     4600 |     67 |  0.0013218067 |             f
    47 |     4700 |     70 |  0.0017912871 |             f
    48 |     4800 |     71 |  0.0044580309 |             f
    49 |     4900 |     72 |  0.0013075873 |             f
    50 |     5000 |     75 |  0.0019431496 |             f
    51 |     5100 |     76 |  0.0019175818 |             f
    52 |     5200 |     76 |  0.0019175818 |             f
    53 |     5300 |     77 |  0.0019748936 |             f
    54 |     5400 |     76 |  0.0038237236 |             f
    55 |     5500 |     78 |  0.000000E+00 |             f
    56 |     5600 |     79 |  0.0000934751 |             f
    57 |     5700 |     79 |  0.0000934751 |             f
    58 |     5800 |     79 |  0.0002115958 |             f
    59 |     5900 |     80 |  0.0002089508 |             f
    60 |     6000 |     83 |  0.0009898054 |             f
    61 |     6100 |     81 |  0.0017224242 |             f
    62 |     6200 |     84 |  0.0035042969 |             f
    63 |     6300 |     84 |  0.0015315599 |             f
    64 |     6400 |     85 |  0.0024152631 |             f
    65 |     6500 |     88 |  0.0025056567 |             f
    66 |     6600 |     88 |  0.000000E+00 |             f
    67 |     6700 |     90 |  0.0003783063 |             f
    68 |     6800 |     93 |  0.0003661029 |             f
    69 |     6900 |     84 |  0.0028762803 |             f
    70 |     7000 |     84 |  0.000000E+00 |             f
    71 |     7100 |     84 |  0.0003311272 |             f
    72 |     7200 |     83 |  0.0020058797 |             f
    73 |     7300 |     87 |  0.0027700831 |         ideal
    74 |     7400 |     90 |  0.4096254735 |         ideal
    75 |     7500 |     92 |  0.0027624309 |         ideal
    76 |     7600 |     94 |  0.0068587106 |         ideal
    77 |     7700 |     96 |  0.0009952940 |             f
    78 |     7800 |     97 |  0.0014549716 |             f
    79 |     7900 |     97 |  0.0014549716 |             f
    80 |     8000 |     98 |  0.0014401249 |             f
    81 |     8100 |    100 |  0.0014113224 |             f
    82 |     8200 |    100 |  0.0014113224 |             f
    83 |     8300 |    100 |  0.0016363066 |             f
    84 |     8400 |    100 |  0.0029991672 |             f
    85 |     8500 |    100 |  0.0001695102 |             f
    86 |     8600 |    100 |  0.0001695102 |             f
    87 |     8700 |     95 |  0.0008515184 |             f
    88 |     8800 |     97 |  0.0018117668 |             f
    89 |     8900 |     99 |  0.0017751654 |             f
    90 |     9000 |    100 |  0.0024462591 |             f
    91 |     9100 |    100 |  0.0029883994 |             f
    92 |     9200 |    100 |  0.0008646134 |             f
    93 |     9300 |    100 |  0.0008646134 |             f
    94 |     9400 |    100 |  0.0010427969 |             f
    95 |     9500 |    100 |  0.0014300328 |             f
    96 |     9600 |    100 |  0.0019920918 |             f
    97 |     9700 |     91 |  0.0041380775 |             f
    98 |     9800 |     91 |  0.000000E+00 |             f
    99 |     9900 |     94 |  0.0000693063 |             f
   100 |    10000 |     97 |  0.0000671628 |             f
   101 |    10100 |     89 |  0.0004647364 |             f
   102 |    10200 |     91 |  0.0004545224 |             f
   103 |    10300 |     93 |  0.0004447478 |             f
   104 |    10400 |     96 |  0.0006761567 |             f
   105 |    10500 |     96 |  0.0006761567 |             f
   106 |    10600 |     99 |  0.0028815335 |             f
   107 |    10700 |    100 |  0.0000592337 |             f
   108 |    10800 |    100 |  0.0001184674 |             f
   109 |    10900 |    100 |  0.0001184674 |             f
   110 |    11000 |    100 |  0.0005019521 |             f
   111 |    11100 |    100 |  0.0005019521 |             f
   112 |    11200 |    100 |  0.0006533039 |             f
   113 |    11300 |    100 |  0.0013634501 |             f
   114 |    11400 |    100 |  0.0038930162 |             f
   115 |    11500 |    100 |  0.0007262697 |             f
   116 |    11600 |    100 |  0.0007262697 |             f
   117 |    11700 |     94 |  0.0024741064 |             f
   118 |    11800 |     94 |  0.0024741064 |             f
   119 |    11900 |     96 |  0.0024372104 |             f
   120 |    12000 |     97 |  0.0031824006 |             f
   121 |    12100 |    100 |  0.000000E+00 |             f
   122 |    12200 |    100 |  0.0001955792 |             f
   123 |    12300 |    100 |  0.0006812340 |             f
   124 |    12400 |    100 |  0.0006812340 |             f
   125 |    12500 |    100 |  0.0006812340 |             f
   126 |    12600 |    100 |  0.0006812340 |             f
   127 |    12700 |    100 |  0.0006812340 |             f
   128 |    12800 |    100 |  0.0006812340 |             f
   129 |    12900 |    100 |  0.0010558084 |             f
   130 |    13000 |    100 |  0.0013363681 |             f
   131 |    13100 |     98 |  0.0025763524 |             f
   132 |    13200 |     99 |  0.000000E+00 |             f
   133 |    13300 |    100 |  0.0007077937 |             f
   134 |    13400 |    100 |  0.0007077937 |             f
   135 |    13500 |    100 |  0.0007114158 |             f
   136 |    13600 |     98 |  0.0008651234 |             f
   137 |    13700 |     99 |  0.0011442675 |             f
   138 |    13800 |    100 |  0.0029503395 |             f
   139 |    13900 |    100 |  0.000000E+00 |             f
   140 |    14000 |    100 |  0.000000E+00 |             f
   141 |    14100 |    100 |  0.1233605729 |         ideal
   142 |    14200 |    100 |  0.000000E+00 |             f
   143 |    14300 |    100 |  0.0003211500 |             f
   144 |    14400 |    100 |  0.0003211500 |             f
   145 |    14500 |    100 |  0.0003211500 |             f
   146 |    14600 |    100 |  0.0017840948 |             f
   147 |    14700 |     98 |  0.0031973057 |             f
   148 |    14800 |     99 |  0.000000E+00 |             f
   149 |    14900 |    100 |  0.000000E+00 |             f
   150 |    15000 |    100 |  0.000000E+00 |             f
   151 |    15100 |    100 |  0.000000E+00 |             f
   152 |    15200 |    100 |  0.0003798789 |             f
   153 |    15300 |     92 |  0.0009162214 |             f
   154 |    15400 |     92 |  0.0014642299 |             f
   155 |    15500 |     94 |  0.0014330761 |             f
   156 |    15600 |    100 |  0.0095108696 |         ideal
   157 |    15700 |    100 |  0.0010321792 |             f
   158 |    15800 |    100 |  0.0011954501 |             f
   159 |    15900 |     98 |  0.0030867148 |             f
   160 |    16000 |    100 |  0.0006187550 |             f
   161 |    16100 |    100 |  0.0007917760 |             f
   162 |    16200 |    100 |  0.0024720444 |             f
   163 |    16300 |    100 |  0.0031548984 |             f
   164 |    16400 |     92 |  0.1375911759 |         ideal
   165 |    16500 |     80 |  0.0015735087 |             f
   166 |    16600 |     83 |  0.0023139093 |             f
   167 |    16700 |     80 |  0.0025980102 |             f
   168 |    16800 |     82 |  0.000000E+00 |             f
   169 |    16900 |     82 |  0.000000E+00 |             f
   170 |    17000 |     84 |  0.0003115337 |             f
   171 |    17100 |     87 |  0.0005674105 |             f
   172 |    17200 |     91 |  0.0033610651 |             f
   173 |    17300 |     93 |  0.1898199778 |         ideal
   174 |    17400 |     95 |  0.000000E+00 |             f
   175 |    17500 |     94 |  0.0000599823 |             f
   176 |    17600 |     99 |  0.0001411989 |             f
   177 |    17700 |     98 |  0.0010849565 |             f
   178 |    17800 |    100 |  0.0026232934 |             f
   179 |    17900 |    100 |  0.0001697363 |             f
   180 |    18000 |    100 |  0.0009205072 |             f
   181 |    18100 |    100 |  0.0024310550 |             f
   182 |    18200 |    100 |  0.0040201632 |             f
   183 |    18300 |    100 |  0.0004876629 |             f
   184 |    18400 |     99 |  0.0011518473 |             f
   185 |    18500 |    100 |  0.0011403289 |             f
   186 |    18600 |    100 |  0.0022592235 |             f
   187 |    18700 |    100 |  0.0033399955 |             f
   188 |    18800 |    100 |  0.0637173169 |         ideal
   189 |    18900 |    100 |  0.0016240217 |             f
   190 |    19000 |    100 |  0.0514579979 |         ideal
   191 |    19100 |    100 |  0.000000E+00 |             f
   192 |    19200 |     99 |  0.0015991097 |             f
   193 |    19300 |    100 |  0.0015831186 |             f
   194 |    19400 |    100 |  0.0264200793 |         ideal
   195 |    19500 |     98 |  0.0012033640 |             f
   196 |    19600 |    100 |  0.0030924532 |             f
   197 |    19700 |    100 |  0.0014098772 |             f
   198 |    19800 |    100 |  0.0041360061 |             f
   199 |    19900 |    100 |  0.0017227778 |             f
   200 |    20000 |    100 |  0.0023918839 |             f
   201 |    20100 |    100 |  0.0040296746 |             f
   202 |    20200 |    100 |  0.0422523647 |         ideal
   203 |    20300 |    100 |  0.0017390722 |             f
   204 |    20400 |    100 |  0.0108097006 |         ideal
   205 |    20500 |    100 |  0.0379891221 |         ideal
   206 |    20600 |     96 |  0.0010635949 |             f
   207 |    20700 |     99 |  0.0021865957 |             f
   208 |    20800 |    100 |  0.0032322330 |             f
   209 |    20900 |    100 |  0.0005343829 |             f
   210 |    21000 |    100 |  0.0120842849 |         ideal
   211 |    21100 |     99 |  0.0019976670 |             f
   212 |    21200 |    100 |  0.0672281578 |         ideal
   213 |    21300 |    100 |  0.000000E+00 |             f
   214 |    21400 |    100 |  0.0003600155 |             f
   215 |    21500 |    100 |  0.0012121825 |             f
   216 |    21600 |    100 |  0.0030842011 |             f
   217 |    21700 |    100 |  0.0010954857 |             f
   218 |    21800 |    100 |  0.0042619010 |             f
   219 |    21900 |    100 |  0.0011306345 |             f
   220 |    22000 |    100 |  0.0023585673 |             f
   221 |    22100 |    100 |  0.0031309599 |             f
   222 |    22200 |    100 |  0.0000506326 |             f
   223 |    22300 |    100 |  0.0003936828 |             f
   224 |    22400 |    100 |  0.0023390931 |             f
   225 |    22500 |    100 |  0.0027380691 |             f
   226 |    22600 |    100 |  0.0005487057 |             f
   227 |    22700 |    100 |  0.0014573306 |             f
   228 |    22800 |    100 |  0.0023309391 |             f
   229 |    22900 |    100 |  0.0065616798 |         ideal
   230 |    23000 |    100 |  0.0004510160 |             f
   231 |    23100 |    100 |  0.0009957051 |             f
   232 |    23200 |    100 |  0.0023068414 |             f
   233 |    23300 |    100 |  0.0034089214 |             f
   234 |    23400 |    100 |  0.0012977887 |             f
   235 |    23500 |    100 |  0.0031968888 |             f
   236 |    23600 |    100 |  0.0014783664 |             f
   237 |    23700 |    100 |  0.0030956436 |             f
   238 |    23800 |    100 |  0.0021458306 |             f
   239 |    23900 |    100 |  0.0038410991 |             f
   240 |    24000 |    100 |  0.0010098978 |             f
   241 |    24100 |    100 |  0.0012201959 |             f
   242 |    24200 |    100 |  0.0016436502 |             f
   243 |    24300 |    100 |  0.0035428511 |             f
   244 |    24400 |    100 |  0.0012103444 |             f
   245 |    24500 |    100 |  0.0032125716 |             f
   246 |    24600 |    100 |  0.0016217444 |             f
   247 |    24700 |    100 |  0.0031813330 |             f
   248 |    24800 |    100 |  0.0004202633 |             f
   249 |    24900 |    100 |  0.0434404786 |         ideal
   250 |    25000 |    100 |  0.0014909785 |             f
   251 |    25100 |    100 |  0.0029831357 |             f
   252 |    25200 |    100 |  0.0002778903 |             f
   253 |    25300 |    100 |  0.0010779843 |             f
   254 |    25400 |    100 |  0.0020138268 |             f
   255 |    25500 |    100 |  0.0027199860 |             f
   256 |    25600 |    100 |  0.0009965073 |             f
   257 |    25700 |    100 |  0.0019502937 |             f
   258 |    25800 |    100 |  0.0023772653 |             f
   259 |    25900 |    100 |  0.0029298999 |             f
   260 |    26000 |    100 |  0.0015747931 |             f
   261 |    26100 |    100 |  0.0024887701 |             f
   262 |    26200 |    100 |  0.0029621874 |             f
   263 |    26300 |    100 |  0.0009576670 |             f
   264 |    26400 |    100 |  0.0017448728 |             f
   265 |    26500 |    100 |  0.0024048953 |             f
   266 |    26600 |    100 |  0.0025164755 |             f
   267 |    26700 |    100 |  0.0012715778 |             f
   268 |    26800 |    100 |  0.0022388319 |             f
   269 |    26900 |    100 |  0.0039073458 |             f
   270 |    27000 |    100 |  0.0020064908 |             f
   271 |    27100 |    100 |  0.0037814024 |             f
   272 |    27200 |    100 |  0.0268199234 |         ideal
   273 |    27300 |     92 |  0.0032261857 |             f
   274 |    27400 |     96 |  0.0009456745 |             f
   275 |    27500 |     98 |  0.0036929725 |             f
   276 |    27600 |    100 |  0.0012499646 |             f
   277 |    27700 |    100 |  0.0049097539 |         ideal
   278 |    27800 |    100 |  0.0006125622 |             f
   279 |    27900 |    100 |  0.0019315880 |             f
   280 |    28000 |    100 |  0.0020465297 |             f
   281 |    28100 |    100 |  0.0050825921 |         nadir
   282 |    28200 |    100 |  0.0018204971 |             f
   283 |    28300 |    100 |  0.0034951273 |             f
   284 |    28400 |    100 |  0.0014133188 |             f
   285 |    28500 |    100 |  0.0031652923 |             f
   286 |    28600 |    100 |  0.0002743067 |             f
   287 |    28700 |    100 |  0.0006939241 |             f
   288 |    28800 |    100 |  0.0014599139 |             f
   289 |    28900 |    100 |  0.0028497015 |             f
   290 |    29000 |    100 |  0.0003171590 |             f
   291 |    29100 |    100 |  0.0008769470 |             f
   292 |    29200 |    100 |  0.0021200473 |             f
   293 |    29300 |    100 |  0.0022259450 |             f
   294 |    29400 |    100 |  0.0024032663 |             f
   295 |    29500 |    100 |  0.0035250046 |             f
   296 |    29600 |    100 |  0.0691402983 |         nadir
   297 |    29700 |    100 |  0.0001814756 |             f
   298 |    29800 |    100 |  0.0010078616 |             f
   299 |    29900 |    100 |  0.0012167810 |             f
   300 |    30000 |    100 |  0.0025348542 |         ideal
2024-05-12 22:56:38:  Optimization Completed
len(F) 100
Scale f1: [0.0, 1.0]
Scale f2: [0.0, 1.0]
2024-05-12 22:56:38:  Profit: -24.37441337585449, Drawdown: 67.20027260398864, Num Trades: 134.0, Ratio: -0.3627130133755999
2024-05-12 22:56:38:  Profit: 0.0, Drawdown: 0.0, Num Trades: 0.0, Ratio: 0.0
2024-05-12 22:56:39:  Profit: -30.29496030235291, Drawdown: 74.78442101968992, Num Trades: 40.0, Ratio: -0.4050972099439879
2024-05-12 22:56:39:  Profit: 0.0, Drawdown: 0.0, Num Trades: 0.0, Ratio: 0.0
2024-05-12 22:56:39:  Profit: 1.6912175846099855, Drawdown: 5.7795324153900145, Num Trades: 6.0, Ratio: 0.2926218702583155
2024-05-12 22:56:39:  Profit: -48.716884157180786, Drawdown: 79.15241124916076, Num Trades: 112.0, Ratio: -0.615481997179174
2024-05-12 22:56:39:  Profit: 90.1146503791809, Drawdown: 22.692861367338445, Num Trades: 66.0, Ratio: 3.971057193734141
2024-05-12 22:56:39:  Profit: -24.14446905708313, Drawdown: 68.04372129821778, Num Trades: 130.0, Ratio: -0.3548375749654293
2024-05-12 22:56:39:  Profit: -39.44886793708801, Drawdown: 74.42085576156761, Num Trades: 39.0, Ratio: -0.5300781284143763
2024-05-12 22:56:39:  Profit: -0.6159825019836426, Drawdown: 12.862237612701701, Num Trades: 8.0, Ratio: -0.04789077301568028
2024-05-12 22:56:39:  Profit: -7.330901672363281, Drawdown: 63.94085400986692, Num Trades: 104.0, Ratio: -0.11465129432321981
2024-05-12 22:56:39:  Profit: -42.979286792755126, Drawdown: 74.44826687456246, Num Trades: 40.0, Ratio: -0.5773040608879549
2024-05-12 22:56:39:  Profit: 0.16613276100158691, Drawdown: 33.45371646118164, Num Trades: 14.0, Ratio: 0.004966047978387117
2024-05-12 22:56:39:  Profit: -55.32278610420227, Drawdown: 63.73493964385987, Num Trades: 12.0, Ratio: -0.8680134697441734
2024-05-12 22:56:39:  Profit: -37.69557320976257, Drawdown: 74.49522106170654, Num Trades: 37.0, Ratio: -0.506013307599131
2024-05-12 22:56:39:  Profit: -17.003815643310546, Drawdown: 72.798420407742, Num Trades: 41.0, Ratio: -0.23357396421615512
2024-05-12 22:56:39:  Profit: -23.417544189453125, Drawdown: 72.31892172241211, Num Trades: 45.0, Ratio: -0.3238093659545794
2024-05-12 22:56:39:  Profit: -6.114518316268921, Drawdown: 6.114518316268921, Num Trades: 4.0, Ratio: -1.0
2024-05-12 22:56:39:  Profit: 0.0, Drawdown: 0.0, Num Trades: 0.0, Ratio: 0.0
2024-05-12 22:56:39:  Profit: -28.19207353591919, Drawdown: 74.79289560803505, Num Trades: 41.0, Ratio: -0.37693517956123224
2024-05-12 22:56:39:  Profit: -53.21061248970032, Drawdown: 64.0182515296936, Num Trades: 49.0, Ratio: -0.8311787844599228
2024-05-12 22:56:39:  Profit: -13.986967947006226, Drawdown: 66.9855662945289, Num Trades: 95.0, Ratio: -0.2088056983127815
2024-05-12 22:56:39:  Profit: -24.406725297927856, Drawdown: 63.75173465115754, Num Trades: 71.0, Ratio: -0.3828401757454721
2024-05-12 22:56:39:  Profit: -34.51196440887451, Drawdown: 74.42085576156761, Num Trades: 42.0, Ratio: -0.46374049392075345
2024-05-12 22:56:39:  Profit: 3.609669668197632, Drawdown: 4.001080331802368, Num Trades: 2.0, Ratio: 0.9021737552996301
2024-05-12 22:56:39:  Profit: -33.36464027023315, Drawdown: 64.15942375373118, Num Trades: 73.0, Ratio: -0.5200271186708225
2024-05-12 22:56:39:  Profit: 0.0, Drawdown: 0.0, Num Trades: 0.0, Ratio: 0.0
2024-05-12 22:56:39:  Profit: 6.429104822158814, Drawdown: 24.15340556479572, Num Trades: 13.0, Ratio: 0.2661779849185913
2024-05-12 22:56:39:  Profit: -42.77620855712891, Drawdown: 79.03958214569093, Num Trades: 64.0, Ratio: -0.5411998317283738
2024-05-12 22:56:39:  Profit: -29.986105237960814, Drawdown: 74.78113902909344, Num Trades: 43.0, Ratio: -0.40098486900948094
2024-05-12 22:56:39:  Profit: -35.694809774398806, Drawdown: 74.42085576156761, Num Trades: 41.0, Ratio: -0.479634497737559
2024-05-12 22:56:39:  Profit: -34.140932134628294, Drawdown: 73.59215898132324, Num Trades: 40.0, Ratio: -0.463920784594631
2024-05-12 22:56:40:  Profit: 0.0, Drawdown: 0.0, Num Trades: 0.0, Ratio: 0.0
2024-05-12 22:56:40:  Profit: 0.0, Drawdown: 0.0, Num Trades: 0.0, Ratio: 0.0
2024-05-12 22:56:40:  Profit: 0.0, Drawdown: 0.0, Num Trades: 0.0, Ratio: 0.0
2024-05-12 22:56:40:  Profit: -19.809770889282227, Drawdown: 72.39170030465938, Num Trades: 45.0, Ratio: -0.2736469899990345
2024-05-12 22:56:40:  Profit: 0.0, Drawdown: 0.0, Num Trades: 0.0, Ratio: 0.0
2024-05-12 22:56:40:  Profit: -31.044107025146484, Drawdown: 63.75173465115754, Num Trades: 72.0, Ratio: -0.4869531346090646
2024-05-12 22:56:40:  Profit: -41.984289560318, Drawdown: 74.42085576156761, Num Trades: 40.0, Ratio: -0.5641468259224117
2024-05-12 22:56:40:  Profit: -35.597144189834594, Drawdown: 72.86196705436706, Num Trades: 34.0, Ratio: -0.4885559041148758
2024-05-12 22:56:40:  Profit: 34.917189588546755, Drawdown: 22.65010885779676, Num Trades: 34.0, Ratio: 1.5415903653163834
2024-05-12 22:56:40:  Profit: -35.48034200668335, Drawdown: 74.85720711187072, Num Trades: 47.0, Ratio: -0.4739736275982028
2024-05-12 22:56:40:  Profit: -27.13336386489868, Drawdown: 72.79801864242553, Num Trades: 42.0, Ratio: -0.3727211862478601
2024-05-12 22:56:40:  Profit: -23.87114443778992, Drawdown: 72.79801864242553, Num Trades: 44.0, Ratio: -0.3279092602099777
2024-05-12 22:56:40:  Profit: -29.93147333908081, Drawdown: 71.90307998466491, Num Trades: 38.0, Ratio: -0.4162752603291045
2024-05-12 22:56:40:  Profit: -7.906419971466064, Drawdown: 69.91246558451016, Num Trades: 27.0, Ratio: -0.11309027518002189
2024-05-12 22:56:40:  Profit: -6.114518316268921, Drawdown: 6.114518316268921, Num Trades: 4.0, Ratio: -1.0
2024-05-12 22:56:40:  Profit: -2.889, Drawdown: 2.889, Num Trades: 2.0, Ratio: -1.0
2024-05-12 22:56:40:  Profit: -24.084924488067628, Drawdown: 63.75173465115754, Num Trades: 73.0, Ratio: -0.3777924572540289
2024-05-12 22:56:40:  Profit: -28.612811813354494, Drawdown: 72.8092834506988, Num Trades: 39.0, Ratio: -0.39298301613871844
2024-05-12 22:56:40:  Profit: -3.1390345745086674, Drawdown: 3.1390345745086674, Num Trades: 2.0, Ratio: -1.0
2024-05-12 22:56:40:  Profit: 30.299685461044312, Drawdown: 4.202560317993164, Num Trades: 22.0, Ratio: 7.209815723837898
2024-05-12 22:56:40:  Profit: -20.34105891609192, Drawdown: 65.41774193583697, Num Trades: 93.0, Ratio: -0.31094101254737344
2024-05-12 22:56:40:  Profit: -42.68107785797119, Drawdown: 74.44826687456246, Num Trades: 42.0, Ratio: -0.5732984748978017
2024-05-12 22:56:40:  Profit: -22.65758415412903, Drawdown: 68.38051103841364, Num Trades: 99.0, Ratio: -0.33134563942350237
2024-05-12 22:56:40:  Profit: 0.0, Drawdown: 0.0, Num Trades: 0.0, Ratio: 0.0
2024-05-12 22:56:40:  Profit: 0.0, Drawdown: 0.0, Num Trades: 0.0, Ratio: 0.0
2024-05-12 22:56:40:  Profit: -41.41531550788879, Drawdown: 74.42085576156761, Num Trades: 39.0, Ratio: -0.5565014683595788
2024-05-12 22:56:40:  Profit: -40.706046537399295, Drawdown: 73.60033199394852, Num Trades: 39.0, Ratio: -0.553068789699837
2024-05-12 22:56:40:  Profit: 0.0, Drawdown: 0.0, Num Trades: 0.0, Ratio: 0.0
2024-05-12 22:56:40:  Profit: -26.385403520584106, Drawdown: 72.79717616140084, Num Trades: 41.0, Ratio: -0.3624509206522547
2024-05-12 22:56:40:  Profit: -35.8252147064209, Drawdown: 73.61202036565516, Num Trades: 41.0, Ratio: -0.4866761505589068
2024-05-12 22:56:41:  Profit: -32.62340640258789, Drawdown: 73.61571143341065, Num Trades: 39.0, Ratio: -0.44315820315202015
2024-05-12 22:56:41:  Profit: -29.146573621749877, Drawdown: 73.01632863486257, Num Trades: 41.0, Ratio: -0.3991788435091692
2024-05-12 22:56:41:  Profit: 6.429104822158814, Drawdown: 24.15340556479572, Num Trades: 13.0, Ratio: 0.2661779849185913
2024-05-12 22:56:41:  Profit: -24.406725297927856, Drawdown: 63.75173465115754, Num Trades: 71.0, Ratio: -0.3828401757454721
2024-05-12 22:56:41:  Profit: -38.494340909957884, Drawdown: 74.85720711187072, Num Trades: 46.0, Ratio: -0.5142369371653129
2024-05-12 22:56:41:  Profit: -31.33340455818176, Drawdown: 74.78113902909344, Num Trades: 43.0, Ratio: -0.41900143492052944
2024-05-12 22:56:41:  Profit: -32.52813780212402, Drawdown: 73.30917069244384, Num Trades: 42.0, Ratio: -0.44371171430366185
2024-05-12 22:56:41:  Profit: -31.84470422172546, Drawdown: 73.38547994995118, Num Trades: 40.0, Ratio: -0.4339373980172034
2024-05-12 22:56:41:  Profit: -26.589183263778686, Drawdown: 72.79801864242553, Num Trades: 40.0, Ratio: -0.36524597454199026
2024-05-12 22:56:41:  Profit: -36.83501344490051, Drawdown: 72.86196705436706, Num Trades: 34.0, Ratio: -0.5055451415059314
2024-05-12 22:56:41:  Profit: -45.136411020278935, Drawdown: 73.64113711936679, Num Trades: 42.0, Ratio: -0.6129238736104275
2024-05-12 22:56:41:  Profit: -29.146573621749877, Drawdown: 73.01632863486257, Num Trades: 41.0, Ratio: -0.3991788435091692
2024-05-12 22:56:41:  Profit: -32.52813780212402, Drawdown: 73.30917069244384, Num Trades: 42.0, Ratio: -0.44371171430366185
2024-05-12 22:56:41:  Profit: -25.470579486846923, Drawdown: 30.409992992401126, Num Trades: 6.0, Ratio: -0.8375726851765974
2024-05-12 22:56:41:  Profit: -33.35047343444824, Drawdown: 73.61571143341065, Num Trades: 38.0, Ratio: -0.4530347229560571
2024-05-12 22:56:41:  Profit: -32.02008433723449, Drawdown: 72.86196705436706, Num Trades: 36.0, Ratio: -0.4394622548872751
2024-05-12 22:56:41:  Profit: -30.423361240386964, Drawdown: 72.84149963188172, Num Trades: 34.0, Ratio: -0.41766522372736925
2024-05-12 22:56:41:  Profit: -33.16429297065735, Drawdown: 73.61571143341065, Num Trades: 38.0, Ratio: -0.45050563697474044
2024-05-12 22:56:41:  Profit: -33.902639572143556, Drawdown: 72.84149963188172, Num Trades: 36.0, Ratio: -0.4654302800392215
2024-05-12 22:56:41:  Profit: -35.48034200668335, Drawdown: 74.85720711187072, Num Trades: 47.0, Ratio: -0.4739736275982028
2024-05-12 22:56:41:  Profit: 29.757569915771487, Drawdown: 2.8888110297122234, Num Trades: 20.0, Ratio: 10.300974902721784
2024-05-12 22:56:41:  Profit: -33.04579862976074, Drawdown: 72.86196705436706, Num Trades: 37.0, Ratio: -0.4535397542191404
2024-05-12 22:56:41:  Profit: -0.6192258338928223, Drawdown: 27.449797653447423, Num Trades: 54.0, Ratio: -0.022558484463547718
2024-05-12 22:56:41:  Profit: -32.45642618179321, Drawdown: 73.61202036565516, Num Trades: 39.0, Ratio: -0.4409120415466313
2024-05-12 22:56:41:  Profit: -30.838559947967532, Drawdown: 72.79717616140084, Num Trades: 46.0, Ratio: -0.4236230246018667
2024-05-12 22:56:41:  Profit: -30.241354684829712, Drawdown: 73.61571143341065, Num Trades: 37.0, Ratio: -0.41080027749490183
2024-05-12 22:56:41:  Profit: -40.171399923324586, Drawdown: 73.61571143341065, Num Trades: 39.0, Ratio: -0.5456905753014663
2024-05-12 22:56:41:  Profit: 0.0, Drawdown: 0.0, Num Trades: 0.0, Ratio: 0.0
2024-05-12 22:56:41:  Profit: -35.64329470252991, Drawdown: 74.406504233875, Num Trades: 38.0, Ratio: -0.4790346632936239
2024-05-12 22:56:41:  Profit: 0.0, Drawdown: 0.0, Num Trades: 0.0, Ratio: 0.0
2024-05-12 22:56:42:  Profit: -29.366785419464108, Drawdown: 73.61571143341065, Num Trades: 39.0, Ratio: -0.3989200789837905
2024-05-12 22:56:42:  Profit: -24.084924488067628, Drawdown: 63.75173465115754, Num Trades: 73.0, Ratio: -0.3777924572540289
2024-05-12 22:56:42:  Profit: -31.387753244400024, Drawdown: 71.56871678543091, Num Trades: 37.0, Ratio: -0.43856805954063943
2024-05-12 22:56:42:  Profit: -24.691714450836184, Drawdown: 74.78442101968992, Num Trades: 41.0, Ratio: -0.3301719009676511
2024-05-12 22:56:42:  Profit: -33.68880425834656, Drawdown: 73.61571143341065, Num Trades: 37.0, Ratio: -0.45763062805987936
2024-05-12 22:56:42:  Profit: -22.01740621948242, Drawdown: 72.85278043796035, Num Trades: 38.0, Ratio: -0.30221778890418477
2024-05-12 22:56:42:  Profit: -14.841999656677245, Drawdown: 31.1612776222229, Num Trades: 19.0, Ratio: -0.47629624935829207
2024-05-12 22:56:42:  Profit: -21.324738132476806, Drawdown: 64.8431841111791, Num Trades: 95.0, Ratio: -0.3288663014437068
2024-05-12 22:56:42:  torch.save(best_network)

Close figures to continue...

2024-05-12 22:57:15:  train_and_validate_process.join()
2024-05-12 22:57:15:  train_and_validate_process.close()
2024-05-12 22:57:15:  queue.close()
2024-05-12 22:57:15:  Training and validation process finished.
